<?xml version="1.0" encoding="UTF-8"?>
<testsuite xmlns:xsi="http://www.w3.org/2001/XMLSchema-instance" xsi:noNamespaceSchemaLocation="https://maven.apache.org/surefire/maven-surefire-plugin/xsd/surefire-test-report.xsd" name="SelenideTests" time="25.912" tests="3" errors="0" skipped="0" failures="0">
  <properties>
[...]
</properties>
  <testcase name="checkBox" classname="SelenideTests" time="8.598"/>
  <testcase name="dropDown" classname="SelenideTests" time="0.422"/>
  <testcase name="textBox" classname="SelenideTests" time="15.547"/>
</testsuite>