<?xml version="1.0" encoding="UTF-8"?>
<testng-results ignored="0" total="3" passed="3" failed="0" skipped="0">
  <reporter-output>
  </reporter-output>
  <suite started-at="2022-09-09T09:47:49Z" name="Surefire suite" finished-at="2022-09-09T09:48:14Z" duration-ms="24706">
    <groups>
    </groups>
    <test started-at="2022-09-09T09:47:49Z" name="Surefire test" finished-at="2022-09-09T09:48:14Z" duration-ms="24706">
      <class name="SelenideTests">
        <test-method signature="checkBox()[pri:0, instance:SelenideTests@3ecedf21]" started-at="2022-09-09T09:47:49Z" name="checkBox" finished-at="2022-09-09T09:47:58Z" duration-ms="8600" status="PASS">
          <reporter-output>
          </reporter-output>
        </test-method> <!-- checkBox -->
        <test-method signature="dropDown()[pri:0, instance:SelenideTests@3ecedf21]" started-at="2022-09-09T09:47:58Z" name="dropDown" finished-at="2022-09-09T09:47:58Z" duration-ms="422" status="PASS">
          <reporter-output>
          </reporter-output>
        </test-method> <!-- dropDown -->
        <test-method signature="textBox()[pri:0, instance:SelenideTests@3ecedf21]" started-at="2022-09-09T09:47:58Z" name="textBox" finished-at="2022-09-09T09:48:14Z" duration-ms="15547" status="PASS">
          <reporter-output>
          </reporter-output>
        </test-method> <!-- textBox -->
      </class> <!-- SelenideTests -->
    </test> <!-- Surefire test -->
  </suite> <!-- Surefire suite -->
</testng-results>
